[2020-07-28 01:01:46,370] DEBUG preRegister called. Server=com.sun.jmx.mbeanserver.JmxMBeanServer@66d3c617, name=log4j:logger=kafka.controller (kafka.controller)
[2020-07-28 01:07:00,639] DEBUG preRegister called. Server=com.sun.jmx.mbeanserver.JmxMBeanServer@66d3c617, name=log4j:logger=kafka.controller (kafka.controller)
[2020-07-28 01:15:15,215] DEBUG preRegister called. Server=com.sun.jmx.mbeanserver.JmxMBeanServer@66d3c617, name=log4j:logger=kafka.controller (kafka.controller)
[2020-07-28 01:16:11,611] INFO [ControllerEventThread controllerId=0] Starting (kafka.controller.ControllerEventManager$ControllerEventThread)
[2020-07-28 01:16:11,635] INFO [Controller id=0] 0 successfully elected as the controller. Epoch incremented to 1 and epoch zk version is now 1 (kafka.controller.KafkaController)
[2020-07-28 01:16:11,636] INFO [Controller id=0] Registering handlers (kafka.controller.KafkaController)
[2020-07-28 01:16:11,639] INFO [Controller id=0] Deleting log dir event notifications (kafka.controller.KafkaController)
[2020-07-28 01:16:11,644] INFO [Controller id=0] Deleting isr change notifications (kafka.controller.KafkaController)
[2020-07-28 01:16:11,646] INFO [Controller id=0] Initializing controller context (kafka.controller.KafkaController)
[2020-07-28 01:16:11,687] INFO [Controller id=0] Initialized broker epochs cache: Map(0 -> 24) (kafka.controller.KafkaController)
[2020-07-28 01:16:11,691] DEBUG [Controller id=0] Register BrokerModifications handler for Set(0) (kafka.controller.KafkaController)
[2020-07-28 01:16:11,697] DEBUG [Channel manager on controller 0]: Controller 0 trying to connect to broker 0 (kafka.controller.ControllerChannelManager)
[2020-07-28 01:16:11,713] INFO [RequestSendThread controllerId=0] Starting (kafka.controller.RequestSendThread)
[2020-07-28 01:16:11,713] INFO [Controller id=0] Currently active brokers in the cluster: Set(0) (kafka.controller.KafkaController)
[2020-07-28 01:16:11,713] INFO [Controller id=0] Currently shutting brokers in the cluster: Set() (kafka.controller.KafkaController)
[2020-07-28 01:16:11,714] INFO [Controller id=0] Current list of topics in the cluster: Set() (kafka.controller.KafkaController)
[2020-07-28 01:16:11,714] INFO [Controller id=0] Fetching topic deletions in progress (kafka.controller.KafkaController)
[2020-07-28 01:16:11,717] INFO [Controller id=0] List of topics to be deleted:  (kafka.controller.KafkaController)
[2020-07-28 01:16:11,717] INFO [Controller id=0] List of topics ineligible for deletion:  (kafka.controller.KafkaController)
[2020-07-28 01:16:11,718] INFO [Controller id=0] Initializing topic deletion manager (kafka.controller.KafkaController)
[2020-07-28 01:16:11,719] INFO [Topic Deletion Manager 0] Initializing manager with initial deletions: Set(), initial ineligible deletions: Set() (kafka.controller.TopicDeletionManager)
[2020-07-28 01:16:11,720] INFO [Controller id=0] Sending update metadata request (kafka.controller.KafkaController)
[2020-07-28 01:16:11,734] INFO [ReplicaStateMachine controllerId=0] Initializing replica state (kafka.controller.ZkReplicaStateMachine)
[2020-07-28 01:16:11,735] INFO [ReplicaStateMachine controllerId=0] Triggering online replica state changes (kafka.controller.ZkReplicaStateMachine)
[2020-07-28 01:16:11,743] INFO [ReplicaStateMachine controllerId=0] Triggering offline replica state changes (kafka.controller.ZkReplicaStateMachine)
[2020-07-28 01:16:11,743] DEBUG [ReplicaStateMachine controllerId=0] Started replica state machine with initial state -> Map() (kafka.controller.ZkReplicaStateMachine)
[2020-07-28 01:16:11,744] INFO [PartitionStateMachine controllerId=0] Initializing partition state (kafka.controller.ZkPartitionStateMachine)
[2020-07-28 01:16:11,744] INFO [RequestSendThread controllerId=0] Controller 0 connected to mc-531443.mynet:9092 (id: 0 rack: null) for sending state change requests (kafka.controller.RequestSendThread)
[2020-07-28 01:16:11,745] INFO [PartitionStateMachine controllerId=0] Triggering online partition state changes (kafka.controller.ZkPartitionStateMachine)
[2020-07-28 01:16:11,755] DEBUG [PartitionStateMachine controllerId=0] Started partition state machine with initial state -> Map() (kafka.controller.ZkPartitionStateMachine)
[2020-07-28 01:16:11,756] INFO [Controller id=0] Ready to serve as the new controller with epoch 1 (kafka.controller.KafkaController)
[2020-07-28 01:16:11,761] INFO [Controller id=0] Partitions undergoing preferred replica election:  (kafka.controller.KafkaController)
[2020-07-28 01:16:11,761] INFO [Controller id=0] Partitions that completed preferred replica election:  (kafka.controller.KafkaController)
[2020-07-28 01:16:11,762] INFO [Controller id=0] Skipping preferred replica election for partitions due to topic deletion:  (kafka.controller.KafkaController)
[2020-07-28 01:16:11,762] INFO [Controller id=0] Resuming preferred replica election for partitions:  (kafka.controller.KafkaController)
[2020-07-28 01:16:11,765] INFO [Controller id=0] Starting replica leader election (PREFERRED) for partitions  triggered by ZkTriggered (kafka.controller.KafkaController)
[2020-07-28 01:16:11,778] INFO [Controller id=0] Starting the controller scheduler (kafka.controller.KafkaController)
[2020-07-28 01:16:16,782] INFO [Controller id=0] Processing automatic preferred replica leader election (kafka.controller.KafkaController)
[2020-07-28 01:16:16,782] TRACE [Controller id=0] Checking need to trigger auto leader balancing (kafka.controller.KafkaController)
[2020-07-28 01:17:13,423] INFO [Controller id=0] Shutting down broker 0 (kafka.controller.KafkaController)
[2020-07-28 01:17:13,423] DEBUG [Controller id=0] All shutting down brokers: 0 (kafka.controller.KafkaController)
[2020-07-28 01:17:13,423] DEBUG [Controller id=0] Live brokers:  (kafka.controller.KafkaController)
[2020-07-28 01:17:13,429] TRACE [Controller id=0] All leaders =  (kafka.controller.KafkaController)
[2020-07-28 01:17:15,111] INFO [ControllerEventThread controllerId=0] Shutting down (kafka.controller.ControllerEventManager$ControllerEventThread)
[2020-07-28 01:17:15,113] INFO [ControllerEventThread controllerId=0] Stopped (kafka.controller.ControllerEventManager$ControllerEventThread)
[2020-07-28 01:17:15,113] INFO [ControllerEventThread controllerId=0] Shutdown completed (kafka.controller.ControllerEventManager$ControllerEventThread)
[2020-07-28 01:17:15,114] DEBUG [Controller id=0] Resigning (kafka.controller.KafkaController)
[2020-07-28 01:17:15,115] DEBUG [Controller id=0] Unregister BrokerModifications handler for Set(0) (kafka.controller.KafkaController)
[2020-07-28 01:17:15,116] INFO [PartitionStateMachine controllerId=0] Stopped partition state machine (kafka.controller.ZkPartitionStateMachine)
[2020-07-28 01:17:15,117] INFO [ReplicaStateMachine controllerId=0] Stopped replica state machine (kafka.controller.ZkReplicaStateMachine)
[2020-07-28 01:17:15,117] INFO [RequestSendThread controllerId=0] Shutting down (kafka.controller.RequestSendThread)
[2020-07-28 01:17:15,117] INFO [RequestSendThread controllerId=0] Stopped (kafka.controller.RequestSendThread)
[2020-07-28 01:17:15,117] INFO [RequestSendThread controllerId=0] Shutdown completed (kafka.controller.RequestSendThread)
[2020-07-28 01:17:15,119] INFO [Controller id=0] Resigned (kafka.controller.KafkaController)
