[2020-07-28 01:01:06,371] INFO Reading configuration from: config/zookeeper.properties (org.apache.zookeeper.server.quorum.QuorumPeerConfig)
[2020-07-28 01:01:06,374] WARN config/zookeeper.properties is relative. Prepend ./ to indicate that you're sure! (org.apache.zookeeper.server.quorum.QuorumPeerConfig)
[2020-07-28 01:01:06,374] ERROR Invalid config, exiting abnormally (org.apache.zookeeper.server.quorum.QuorumPeerMain)
org.apache.zookeeper.server.quorum.QuorumPeerConfig$ConfigException: Error processing config/zookeeper.properties
	at org.apache.zookeeper.server.quorum.QuorumPeerConfig.parse(QuorumPeerConfig.java:156)
	at org.apache.zookeeper.server.quorum.QuorumPeerMain.initializeAndRun(QuorumPeerMain.java:113)
	at org.apache.zookeeper.server.quorum.QuorumPeerMain.main(QuorumPeerMain.java:82)
Caused by: java.lang.IllegalArgumentException: config/zookeeper.properties file is missing
	at org.apache.zookeeper.server.util.VerifyingFileFactory.doFailForNonExistingPath(VerifyingFileFactory.java:51)
	at org.apache.zookeeper.server.util.VerifyingFileFactory.validate(VerifyingFileFactory.java:45)
	at org.apache.zookeeper.server.util.VerifyingFileFactory.create(VerifyingFileFactory.java:40)
	at org.apache.zookeeper.server.quorum.QuorumPeerConfig.parse(QuorumPeerConfig.java:141)
	... 2 more
[2020-07-28 01:01:46,334] INFO Reading configuration from: config/zookeeper.properties (org.apache.zookeeper.server.quorum.QuorumPeerConfig)
[2020-07-28 01:01:46,335] WARN config/zookeeper.properties is relative. Prepend ./ to indicate that you're sure! (org.apache.zookeeper.server.quorum.QuorumPeerConfig)
[2020-07-28 01:01:46,344] INFO clientPortAddress is 0.0.0.0:2181 (org.apache.zookeeper.server.quorum.QuorumPeerConfig)
[2020-07-28 01:01:46,344] INFO secureClientPort is not set (org.apache.zookeeper.server.quorum.QuorumPeerConfig)
[2020-07-28 01:01:46,351] INFO autopurge.snapRetainCount set to 3 (org.apache.zookeeper.server.DatadirCleanupManager)
[2020-07-28 01:01:46,351] INFO autopurge.purgeInterval set to 0 (org.apache.zookeeper.server.DatadirCleanupManager)
[2020-07-28 01:01:46,351] INFO Purge task is not scheduled. (org.apache.zookeeper.server.DatadirCleanupManager)
[2020-07-28 01:01:46,351] WARN Either no config or no quorum defined in config, running  in standalone mode (org.apache.zookeeper.server.quorum.QuorumPeerMain)
[2020-07-28 01:01:46,353] INFO Log4j found with jmx enabled. (org.apache.zookeeper.jmx.ManagedUtil)
[2020-07-28 01:01:46,374] INFO Reading configuration from: config/zookeeper.properties (org.apache.zookeeper.server.quorum.QuorumPeerConfig)
[2020-07-28 01:01:46,374] WARN config/zookeeper.properties is relative. Prepend ./ to indicate that you're sure! (org.apache.zookeeper.server.quorum.QuorumPeerConfig)
[2020-07-28 01:01:46,375] INFO clientPortAddress is 0.0.0.0:2181 (org.apache.zookeeper.server.quorum.QuorumPeerConfig)
[2020-07-28 01:01:46,375] INFO secureClientPort is not set (org.apache.zookeeper.server.quorum.QuorumPeerConfig)
[2020-07-28 01:01:46,375] INFO Starting server (org.apache.zookeeper.server.ZooKeeperServerMain)
[2020-07-28 01:01:46,382] INFO zookeeper.snapshot.trust.empty : false (org.apache.zookeeper.server.persistence.FileTxnSnapLog)
[2020-07-28 01:01:46,405] INFO Server environment:zookeeper.version=3.5.7-f0fdd52973d373ffd9c86b81d99842dc2c7f660e, built on 02/10/2020 11:30 GMT (org.apache.zookeeper.server.ZooKeeperServer)
[2020-07-28 01:01:46,405] INFO Server environment:host.name=mc-531443.mynet (org.apache.zookeeper.server.ZooKeeperServer)
[2020-07-28 01:01:46,405] INFO Server environment:java.version=1.8.0_261 (org.apache.zookeeper.server.ZooKeeperServer)
[2020-07-28 01:01:46,405] INFO Server environment:java.vendor=Oracle Corporation (org.apache.zookeeper.server.ZooKeeperServer)
[2020-07-28 01:01:46,405] INFO Server environment:java.home=/Library/Java/JavaVirtualMachines/jdk1.8.0_261.jdk/Contents/Home/jre (org.apache.zookeeper.server.ZooKeeperServer)
[2020-07-28 01:01:46,405] INFO Server environment:java.class.path=/Users/john.obla/repos/kafka/kafka_2.12-2.5.0/bin/../libs/activation-1.1.1.jar:/Users/john.obla/repos/kafka/kafka_2.12-2.5.0/bin/../libs/aopalliance-repackaged-2.5.0.jar:/Users/john.obla/repos/kafka/kafka_2.12-2.5.0/bin/../libs/argparse4j-0.7.0.jar:/Users/john.obla/repos/kafka/kafka_2.12-2.5.0/bin/../libs/audience-annotations-0.5.0.jar:/Users/john.obla/repos/kafka/kafka_2.12-2.5.0/bin/../libs/commons-cli-1.4.jar:/Users/john.obla/repos/kafka/kafka_2.12-2.5.0/bin/../libs/commons-lang3-3.8.1.jar:/Users/john.obla/repos/kafka/kafka_2.12-2.5.0/bin/../libs/connect-api-2.5.0.jar:/Users/john.obla/repos/kafka/kafka_2.12-2.5.0/bin/../libs/connect-basic-auth-extension-2.5.0.jar:/Users/john.obla/repos/kafka/kafka_2.12-2.5.0/bin/../libs/connect-file-2.5.0.jar:/Users/john.obla/repos/kafka/kafka_2.12-2.5.0/bin/../libs/connect-json-2.5.0.jar:/Users/john.obla/repos/kafka/kafka_2.12-2.5.0/bin/../libs/connect-mirror-2.5.0.jar:/Users/john.obla/repos/kafka/kafka_2.12-2.5.0/bin/../libs/connect-mirror-client-2.5.0.jar:/Users/john.obla/repos/kafka/kafka_2.12-2.5.0/bin/../libs/connect-runtime-2.5.0.jar:/Users/john.obla/repos/kafka/kafka_2.12-2.5.0/bin/../libs/connect-transforms-2.5.0.jar:/Users/john.obla/repos/kafka/kafka_2.12-2.5.0/bin/../libs/hk2-api-2.5.0.jar:/Users/john.obla/repos/kafka/kafka_2.12-2.5.0/bin/../libs/hk2-locator-2.5.0.jar:/Users/john.obla/repos/kafka/kafka_2.12-2.5.0/bin/../libs/hk2-utils-2.5.0.jar:/Users/john.obla/repos/kafka/kafka_2.12-2.5.0/bin/../libs/jackson-annotations-2.10.2.jar:/Users/john.obla/repos/kafka/kafka_2.12-2.5.0/bin/../libs/jackson-core-2.10.2.jar:/Users/john.obla/repos/kafka/kafka_2.12-2.5.0/bin/../libs/jackson-databind-2.10.2.jar:/Users/john.obla/repos/kafka/kafka_2.12-2.5.0/bin/../libs/jackson-dataformat-csv-2.10.2.jar:/Users/john.obla/repos/kafka/kafka_2.12-2.5.0/bin/../libs/jackson-datatype-jdk8-2.10.2.jar:/Users/john.obla/repos/kafka/kafka_2.12-2.5.0/bin/../libs/jackson-jaxrs-base-2.10.2.jar:/Users/john.obla/repos/kafka/kafka_2.12-2.5.0/bin/../libs/jackson-jaxrs-json-provider-2.10.2.jar:/Users/john.obla/repos/kafka/kafka_2.12-2.5.0/bin/../libs/jackson-module-jaxb-annotations-2.10.2.jar:/Users/john.obla/repos/kafka/kafka_2.12-2.5.0/bin/../libs/jackson-module-paranamer-2.10.2.jar:/Users/john.obla/repos/kafka/kafka_2.12-2.5.0/bin/../libs/jackson-module-scala_2.12-2.10.2.jar:/Users/john.obla/repos/kafka/kafka_2.12-2.5.0/bin/../libs/jakarta.activation-api-1.2.1.jar:/Users/john.obla/repos/kafka/kafka_2.12-2.5.0/bin/../libs/jakarta.annotation-api-1.3.4.jar:/Users/john.obla/repos/kafka/kafka_2.12-2.5.0/bin/../libs/jakarta.inject-2.5.0.jar:/Users/john.obla/repos/kafka/kafka_2.12-2.5.0/bin/../libs/jakarta.ws.rs-api-2.1.5.jar:/Users/john.obla/repos/kafka/kafka_2.12-2.5.0/bin/../libs/jakarta.xml.bind-api-2.3.2.jar:/Users/john.obla/repos/kafka/kafka_2.12-2.5.0/bin/../libs/javassist-3.22.0-CR2.jar:/Users/john.obla/repos/kafka/kafka_2.12-2.5.0/bin/../libs/javassist-3.26.0-GA.jar:/Users/john.obla/repos/kafka/kafka_2.12-2.5.0/bin/../libs/javax.servlet-api-3.1.0.jar:/Users/john.obla/repos/kafka/kafka_2.12-2.5.0/bin/../libs/javax.ws.rs-api-2.1.1.jar:/Users/john.obla/repos/kafka/kafka_2.12-2.5.0/bin/../libs/jaxb-api-2.3.0.jar:/Users/john.obla/repos/kafka/kafka_2.12-2.5.0/bin/../libs/jersey-client-2.28.jar:/Users/john.obla/repos/kafka/kafka_2.12-2.5.0/bin/../libs/jersey-common-2.28.jar:/Users/john.obla/repos/kafka/kafka_2.12-2.5.0/bin/../libs/jersey-container-servlet-2.28.jar:/Users/john.obla/repos/kafka/kafka_2.12-2.5.0/bin/../libs/jersey-container-servlet-core-2.28.jar:/Users/john.obla/repos/kafka/kafka_2.12-2.5.0/bin/../libs/jersey-hk2-2.28.jar:/Users/john.obla/repos/kafka/kafka_2.12-2.5.0/bin/../libs/jersey-media-jaxb-2.28.jar:/Users/john.obla/repos/kafka/kafka_2.12-2.5.0/bin/../libs/jersey-server-2.28.jar:/Users/john.obla/repos/kafka/kafka_2.12-2.5.0/bin/../libs/jetty-client-9.4.24.v20191120.jar:/Users/john.obla/repos/kafka/kafka_2.12-2.5.0/bin/../libs/jetty-continuation-9.4.24.v20191120.jar:/Users/john.obla/repos/kafka/kafka_2.12-2.5.0/bin/../libs/jetty-http-9.4.24.v20191120.jar:/Users/john.obla/repos/kafka/kafka_2.12-2.5.0/bin/../libs/jetty-io-9.4.24.v20191120.jar:/Users/john.obla/repos/kafka/kafka_2.12-2.5.0/bin/../libs/jetty-security-9.4.24.v20191120.jar:/Users/john.obla/repos/kafka/kafka_2.12-2.5.0/bin/../libs/jetty-server-9.4.24.v20191120.jar:/Users/john.obla/repos/kafka/kafka_2.12-2.5.0/bin/../libs/jetty-servlet-9.4.24.v20191120.jar:/Users/john.obla/repos/kafka/kafka_2.12-2.5.0/bin/../libs/jetty-servlets-9.4.24.v20191120.jar:/Users/john.obla/repos/kafka/kafka_2.12-2.5.0/bin/../libs/jetty-util-9.4.24.v20191120.jar:/Users/john.obla/repos/kafka/kafka_2.12-2.5.0/bin/../libs/jopt-simple-5.0.4.jar:/Users/john.obla/repos/kafka/kafka_2.12-2.5.0/bin/../libs/kafka-clients-2.5.0.jar:/Users/john.obla/repos/kafka/kafka_2.12-2.5.0/bin/../libs/kafka-log4j-appender-2.5.0.jar:/Users/john.obla/repos/kafka/kafka_2.12-2.5.0/bin/../libs/kafka-streams-2.5.0.jar:/Users/john.obla/repos/kafka/kafka_2.12-2.5.0/bin/../libs/kafka-streams-examples-2.5.0.jar:/Users/john.obla/repos/kafka/kafka_2.12-2.5.0/bin/../libs/kafka-streams-scala_2.12-2.5.0.jar:/Users/john.obla/repos/kafka/kafka_2.12-2.5.0/bin/../libs/kafka-streams-test-utils-2.5.0.jar:/Users/john.obla/repos/kafka/kafka_2.12-2.5.0/bin/../libs/kafka-tools-2.5.0.jar:/Users/john.obla/repos/kafka/kafka_2.12-2.5.0/bin/../libs/kafka_2.12-2.5.0-sources.jar:/Users/john.obla/repos/kafka/kafka_2.12-2.5.0/bin/../libs/kafka_2.12-2.5.0.jar:/Users/john.obla/repos/kafka/kafka_2.12-2.5.0/bin/../libs/log4j-1.2.17.jar:/Users/john.obla/repos/kafka/kafka_2.12-2.5.0/bin/../libs/lz4-java-1.7.1.jar:/Users/john.obla/repos/kafka/kafka_2.12-2.5.0/bin/../libs/maven-artifact-3.6.3.jar:/Users/john.obla/repos/kafka/kafka_2.12-2.5.0/bin/../libs/metrics-core-2.2.0.jar:/Users/john.obla/repos/kafka/kafka_2.12-2.5.0/bin/../libs/netty-buffer-4.1.45.Final.jar:/Users/john.obla/repos/kafka/kafka_2.12-2.5.0/bin/../libs/netty-codec-4.1.45.Final.jar:/Users/john.obla/repos/kafka/kafka_2.12-2.5.0/bin/../libs/netty-common-4.1.45.Final.jar:/Users/john.obla/repos/kafka/kafka_2.12-2.5.0/bin/../libs/netty-handler-4.1.45.Final.jar:/Users/john.obla/repos/kafka/kafka_2.12-2.5.0/bin/../libs/netty-resolver-4.1.45.Final.jar:/Users/john.obla/repos/kafka/kafka_2.12-2.5.0/bin/../libs/netty-transport-4.1.45.Final.jar:/Users/john.obla/repos/kafka/kafka_2.12-2.5.0/bin/../libs/netty-transport-native-epoll-4.1.45.Final.jar:/Users/john.obla/repos/kafka/kafka_2.12-2.5.0/bin/../libs/netty-transport-native-unix-common-4.1.45.Final.jar:/Users/john.obla/repos/kafka/kafka_2.12-2.5.0/bin/../libs/osgi-resource-locator-1.0.1.jar:/Users/john.obla/repos/kafka/kafka_2.12-2.5.0/bin/../libs/paranamer-2.8.jar:/Users/john.obla/repos/kafka/kafka_2.12-2.5.0/bin/../libs/plexus-utils-3.2.1.jar:/Users/john.obla/repos/kafka/kafka_2.12-2.5.0/bin/../libs/reflections-0.9.12.jar:/Users/john.obla/repos/kafka/kafka_2.12-2.5.0/bin/../libs/rocksdbjni-5.18.3.jar:/Users/john.obla/repos/kafka/kafka_2.12-2.5.0/bin/../libs/scala-collection-compat_2.12-2.1.3.jar:/Users/john.obla/repos/kafka/kafka_2.12-2.5.0/bin/../libs/scala-java8-compat_2.12-0.9.0.jar:/Users/john.obla/repos/kafka/kafka_2.12-2.5.0/bin/../libs/scala-library-2.12.10.jar:/Users/john.obla/repos/kafka/kafka_2.12-2.5.0/bin/../libs/scala-logging_2.12-3.9.2.jar:/Users/john.obla/repos/kafka/kafka_2.12-2.5.0/bin/../libs/scala-reflect-2.12.10.jar:/Users/john.obla/repos/kafka/kafka_2.12-2.5.0/bin/../libs/slf4j-api-1.7.30.jar:/Users/john.obla/repos/kafka/kafka_2.12-2.5.0/bin/../libs/slf4j-log4j12-1.7.30.jar:/Users/john.obla/repos/kafka/kafka_2.12-2.5.0/bin/../libs/snappy-java-1.1.7.3.jar:/Users/john.obla/repos/kafka/kafka_2.12-2.5.0/bin/../libs/validation-api-2.0.1.Final.jar:/Users/john.obla/repos/kafka/kafka_2.12-2.5.0/bin/../libs/zookeeper-3.5.7.jar:/Users/john.obla/repos/kafka/kafka_2.12-2.5.0/bin/../libs/zookeeper-jute-3.5.7.jar:/Users/john.obla/repos/kafka/kafka_2.12-2.5.0/bin/../libs/zstd-jni-1.4.4-7.jar (org.apache.zookeeper.server.ZooKeeperServer)
[2020-07-28 01:01:46,419] INFO Server environment:java.library.path=/Users/john.obla/Library/Java/Extensions:/Library/Java/Extensions:/Network/Library/Java/Extensions:/System/Library/Java/Extensions:/usr/lib/java:. (org.apache.zookeeper.server.ZooKeeperServer)
[2020-07-28 01:01:46,419] INFO Server environment:java.io.tmpdir=/var/folders/kr/4fy7dn0j0p75hpnyphc13yc8b0jvrx/T/ (org.apache.zookeeper.server.ZooKeeperServer)
[2020-07-28 01:01:46,419] INFO Server environment:java.compiler=<NA> (org.apache.zookeeper.server.ZooKeeperServer)
[2020-07-28 01:01:46,419] INFO Server environment:os.name=Mac OS X (org.apache.zookeeper.server.ZooKeeperServer)
[2020-07-28 01:01:46,420] INFO Server environment:os.arch=x86_64 (org.apache.zookeeper.server.ZooKeeperServer)
[2020-07-28 01:01:46,420] INFO Server environment:os.version=10.14.6 (org.apache.zookeeper.server.ZooKeeperServer)
[2020-07-28 01:01:46,421] INFO Server environment:user.name=john.obla (org.apache.zookeeper.server.ZooKeeperServer)
[2020-07-28 01:01:46,421] INFO Server environment:user.home=/Users/john.obla (org.apache.zookeeper.server.ZooKeeperServer)
[2020-07-28 01:01:46,421] INFO Server environment:user.dir=/Users/john.obla/repos/kafka/kafka_2.12-2.5.0 (org.apache.zookeeper.server.ZooKeeperServer)
[2020-07-28 01:01:46,421] INFO Server environment:os.memory.free=497MB (org.apache.zookeeper.server.ZooKeeperServer)
[2020-07-28 01:01:46,423] INFO Server environment:os.memory.max=512MB (org.apache.zookeeper.server.ZooKeeperServer)
[2020-07-28 01:01:46,423] INFO Server environment:os.memory.total=512MB (org.apache.zookeeper.server.ZooKeeperServer)
[2020-07-28 01:01:46,426] INFO minSessionTimeout set to 6000 (org.apache.zookeeper.server.ZooKeeperServer)
[2020-07-28 01:01:46,426] INFO maxSessionTimeout set to 60000 (org.apache.zookeeper.server.ZooKeeperServer)
[2020-07-28 01:01:46,426] INFO Created server with tickTime 3000 minSessionTimeout 6000 maxSessionTimeout 60000 datadir /tmp/zookeeper/version-2 snapdir /tmp/zookeeper/version-2 (org.apache.zookeeper.server.ZooKeeperServer)
[2020-07-28 01:01:46,456] INFO Using org.apache.zookeeper.server.NIOServerCnxnFactory as server connection factory (org.apache.zookeeper.server.ServerCnxnFactory)
[2020-07-28 01:01:46,465] INFO Configuring NIO connection handler with 10s sessionless connection timeout, 1 selector thread(s), 8 worker threads, and 64 kB direct buffers. (org.apache.zookeeper.server.NIOServerCnxnFactory)
[2020-07-28 01:01:46,488] INFO binding to port 0.0.0.0/0.0.0.0:2181 (org.apache.zookeeper.server.NIOServerCnxnFactory)
[2020-07-28 01:01:46,534] INFO zookeeper.snapshotSizeFactor = 0.33 (org.apache.zookeeper.server.ZKDatabase)
[2020-07-28 01:01:46,545] INFO Snapshotting: 0x0 to /tmp/zookeeper/version-2/snapshot.0 (org.apache.zookeeper.server.persistence.FileTxnSnapLog)
[2020-07-28 01:01:46,553] INFO Snapshotting: 0x0 to /tmp/zookeeper/version-2/snapshot.0 (org.apache.zookeeper.server.persistence.FileTxnSnapLog)
[2020-07-28 01:01:46,576] INFO Using checkIntervalMs=60000 maxPerMinute=10000 (org.apache.zookeeper.server.ContainerManager)
[2020-07-28 01:07:00,613] INFO Reading configuration from: config/zookeeper.properties (org.apache.zookeeper.server.quorum.QuorumPeerConfig)
[2020-07-28 01:07:00,615] WARN config/zookeeper.properties is relative. Prepend ./ to indicate that you're sure! (org.apache.zookeeper.server.quorum.QuorumPeerConfig)
[2020-07-28 01:07:00,620] INFO clientPortAddress is 0.0.0.0:2181 (org.apache.zookeeper.server.quorum.QuorumPeerConfig)
[2020-07-28 01:07:00,620] INFO secureClientPort is not set (org.apache.zookeeper.server.quorum.QuorumPeerConfig)
[2020-07-28 01:07:00,623] INFO autopurge.snapRetainCount set to 3 (org.apache.zookeeper.server.DatadirCleanupManager)
[2020-07-28 01:07:00,623] INFO autopurge.purgeInterval set to 0 (org.apache.zookeeper.server.DatadirCleanupManager)
[2020-07-28 01:07:00,623] INFO Purge task is not scheduled. (org.apache.zookeeper.server.DatadirCleanupManager)
[2020-07-28 01:07:00,623] WARN Either no config or no quorum defined in config, running  in standalone mode (org.apache.zookeeper.server.quorum.QuorumPeerMain)
[2020-07-28 01:07:00,625] INFO Log4j found with jmx enabled. (org.apache.zookeeper.jmx.ManagedUtil)
[2020-07-28 01:07:00,646] INFO Reading configuration from: config/zookeeper.properties (org.apache.zookeeper.server.quorum.QuorumPeerConfig)
[2020-07-28 01:07:00,646] WARN config/zookeeper.properties is relative. Prepend ./ to indicate that you're sure! (org.apache.zookeeper.server.quorum.QuorumPeerConfig)
[2020-07-28 01:07:00,647] INFO clientPortAddress is 0.0.0.0:2181 (org.apache.zookeeper.server.quorum.QuorumPeerConfig)
[2020-07-28 01:07:00,647] INFO secureClientPort is not set (org.apache.zookeeper.server.quorum.QuorumPeerConfig)
[2020-07-28 01:07:00,647] INFO Starting server (org.apache.zookeeper.server.ZooKeeperServerMain)
[2020-07-28 01:07:00,651] INFO zookeeper.snapshot.trust.empty : false (org.apache.zookeeper.server.persistence.FileTxnSnapLog)
[2020-07-28 01:07:00,675] INFO Server environment:zookeeper.version=3.5.7-f0fdd52973d373ffd9c86b81d99842dc2c7f660e, built on 02/10/2020 11:30 GMT (org.apache.zookeeper.server.ZooKeeperServer)
[2020-07-28 01:07:00,675] INFO Server environment:host.name=mc-531443.mynet (org.apache.zookeeper.server.ZooKeeperServer)
[2020-07-28 01:07:00,675] INFO Server environment:java.version=1.8.0_261 (org.apache.zookeeper.server.ZooKeeperServer)
[2020-07-28 01:07:00,675] INFO Server environment:java.vendor=Oracle Corporation (org.apache.zookeeper.server.ZooKeeperServer)
[2020-07-28 01:07:00,675] INFO Server environment:java.home=/Library/Java/JavaVirtualMachines/jdk1.8.0_261.jdk/Contents/Home/jre (org.apache.zookeeper.server.ZooKeeperServer)
[2020-07-28 01:07:00,675] INFO Server environment:java.class.path=/Users/john.obla/repos/kafka/kafka_2.12-2.5.0/bin/../libs/activation-1.1.1.jar:/Users/john.obla/repos/kafka/kafka_2.12-2.5.0/bin/../libs/aopalliance-repackaged-2.5.0.jar:/Users/john.obla/repos/kafka/kafka_2.12-2.5.0/bin/../libs/argparse4j-0.7.0.jar:/Users/john.obla/repos/kafka/kafka_2.12-2.5.0/bin/../libs/audience-annotations-0.5.0.jar:/Users/john.obla/repos/kafka/kafka_2.12-2.5.0/bin/../libs/commons-cli-1.4.jar:/Users/john.obla/repos/kafka/kafka_2.12-2.5.0/bin/../libs/commons-lang3-3.8.1.jar:/Users/john.obla/repos/kafka/kafka_2.12-2.5.0/bin/../libs/connect-api-2.5.0.jar:/Users/john.obla/repos/kafka/kafka_2.12-2.5.0/bin/../libs/connect-basic-auth-extension-2.5.0.jar:/Users/john.obla/repos/kafka/kafka_2.12-2.5.0/bin/../libs/connect-file-2.5.0.jar:/Users/john.obla/repos/kafka/kafka_2.12-2.5.0/bin/../libs/connect-json-2.5.0.jar:/Users/john.obla/repos/kafka/kafka_2.12-2.5.0/bin/../libs/connect-mirror-2.5.0.jar:/Users/john.obla/repos/kafka/kafka_2.12-2.5.0/bin/../libs/connect-mirror-client-2.5.0.jar:/Users/john.obla/repos/kafka/kafka_2.12-2.5.0/bin/../libs/connect-runtime-2.5.0.jar:/Users/john.obla/repos/kafka/kafka_2.12-2.5.0/bin/../libs/connect-transforms-2.5.0.jar:/Users/john.obla/repos/kafka/kafka_2.12-2.5.0/bin/../libs/hk2-api-2.5.0.jar:/Users/john.obla/repos/kafka/kafka_2.12-2.5.0/bin/../libs/hk2-locator-2.5.0.jar:/Users/john.obla/repos/kafka/kafka_2.12-2.5.0/bin/../libs/hk2-utils-2.5.0.jar:/Users/john.obla/repos/kafka/kafka_2.12-2.5.0/bin/../libs/jackson-annotations-2.10.2.jar:/Users/john.obla/repos/kafka/kafka_2.12-2.5.0/bin/../libs/jackson-core-2.10.2.jar:/Users/john.obla/repos/kafka/kafka_2.12-2.5.0/bin/../libs/jackson-databind-2.10.2.jar:/Users/john.obla/repos/kafka/kafka_2.12-2.5.0/bin/../libs/jackson-dataformat-csv-2.10.2.jar:/Users/john.obla/repos/kafka/kafka_2.12-2.5.0/bin/../libs/jackson-datatype-jdk8-2.10.2.jar:/Users/john.obla/repos/kafka/kafka_2.12-2.5.0/bin/../libs/jackson-jaxrs-base-2.10.2.jar:/Users/john.obla/repos/kafka/kafka_2.12-2.5.0/bin/../libs/jackson-jaxrs-json-provider-2.10.2.jar:/Users/john.obla/repos/kafka/kafka_2.12-2.5.0/bin/../libs/jackson-module-jaxb-annotations-2.10.2.jar:/Users/john.obla/repos/kafka/kafka_2.12-2.5.0/bin/../libs/jackson-module-paranamer-2.10.2.jar:/Users/john.obla/repos/kafka/kafka_2.12-2.5.0/bin/../libs/jackson-module-scala_2.12-2.10.2.jar:/Users/john.obla/repos/kafka/kafka_2.12-2.5.0/bin/../libs/jakarta.activation-api-1.2.1.jar:/Users/john.obla/repos/kafka/kafka_2.12-2.5.0/bin/../libs/jakarta.annotation-api-1.3.4.jar:/Users/john.obla/repos/kafka/kafka_2.12-2.5.0/bin/../libs/jakarta.inject-2.5.0.jar:/Users/john.obla/repos/kafka/kafka_2.12-2.5.0/bin/../libs/jakarta.ws.rs-api-2.1.5.jar:/Users/john.obla/repos/kafka/kafka_2.12-2.5.0/bin/../libs/jakarta.xml.bind-api-2.3.2.jar:/Users/john.obla/repos/kafka/kafka_2.12-2.5.0/bin/../libs/javassist-3.22.0-CR2.jar:/Users/john.obla/repos/kafka/kafka_2.12-2.5.0/bin/../libs/javassist-3.26.0-GA.jar:/Users/john.obla/repos/kafka/kafka_2.12-2.5.0/bin/../libs/javax.servlet-api-3.1.0.jar:/Users/john.obla/repos/kafka/kafka_2.12-2.5.0/bin/../libs/javax.ws.rs-api-2.1.1.jar:/Users/john.obla/repos/kafka/kafka_2.12-2.5.0/bin/../libs/jaxb-api-2.3.0.jar:/Users/john.obla/repos/kafka/kafka_2.12-2.5.0/bin/../libs/jersey-client-2.28.jar:/Users/john.obla/repos/kafka/kafka_2.12-2.5.0/bin/../libs/jersey-common-2.28.jar:/Users/john.obla/repos/kafka/kafka_2.12-2.5.0/bin/../libs/jersey-container-servlet-2.28.jar:/Users/john.obla/repos/kafka/kafka_2.12-2.5.0/bin/../libs/jersey-container-servlet-core-2.28.jar:/Users/john.obla/repos/kafka/kafka_2.12-2.5.0/bin/../libs/jersey-hk2-2.28.jar:/Users/john.obla/repos/kafka/kafka_2.12-2.5.0/bin/../libs/jersey-media-jaxb-2.28.jar:/Users/john.obla/repos/kafka/kafka_2.12-2.5.0/bin/../libs/jersey-server-2.28.jar:/Users/john.obla/repos/kafka/kafka_2.12-2.5.0/bin/../libs/jetty-client-9.4.24.v20191120.jar:/Users/john.obla/repos/kafka/kafka_2.12-2.5.0/bin/../libs/jetty-continuation-9.4.24.v20191120.jar:/Users/john.obla/repos/kafka/kafka_2.12-2.5.0/bin/../libs/jetty-http-9.4.24.v20191120.jar:/Users/john.obla/repos/kafka/kafka_2.12-2.5.0/bin/../libs/jetty-io-9.4.24.v20191120.jar:/Users/john.obla/repos/kafka/kafka_2.12-2.5.0/bin/../libs/jetty-security-9.4.24.v20191120.jar:/Users/john.obla/repos/kafka/kafka_2.12-2.5.0/bin/../libs/jetty-server-9.4.24.v20191120.jar:/Users/john.obla/repos/kafka/kafka_2.12-2.5.0/bin/../libs/jetty-servlet-9.4.24.v20191120.jar:/Users/john.obla/repos/kafka/kafka_2.12-2.5.0/bin/../libs/jetty-servlets-9.4.24.v20191120.jar:/Users/john.obla/repos/kafka/kafka_2.12-2.5.0/bin/../libs/jetty-util-9.4.24.v20191120.jar:/Users/john.obla/repos/kafka/kafka_2.12-2.5.0/bin/../libs/jopt-simple-5.0.4.jar:/Users/john.obla/repos/kafka/kafka_2.12-2.5.0/bin/../libs/kafka-clients-2.5.0.jar:/Users/john.obla/repos/kafka/kafka_2.12-2.5.0/bin/../libs/kafka-log4j-appender-2.5.0.jar:/Users/john.obla/repos/kafka/kafka_2.12-2.5.0/bin/../libs/kafka-streams-2.5.0.jar:/Users/john.obla/repos/kafka/kafka_2.12-2.5.0/bin/../libs/kafka-streams-examples-2.5.0.jar:/Users/john.obla/repos/kafka/kafka_2.12-2.5.0/bin/../libs/kafka-streams-scala_2.12-2.5.0.jar:/Users/john.obla/repos/kafka/kafka_2.12-2.5.0/bin/../libs/kafka-streams-test-utils-2.5.0.jar:/Users/john.obla/repos/kafka/kafka_2.12-2.5.0/bin/../libs/kafka-tools-2.5.0.jar:/Users/john.obla/repos/kafka/kafka_2.12-2.5.0/bin/../libs/kafka_2.12-2.5.0-sources.jar:/Users/john.obla/repos/kafka/kafka_2.12-2.5.0/bin/../libs/kafka_2.12-2.5.0.jar:/Users/john.obla/repos/kafka/kafka_2.12-2.5.0/bin/../libs/log4j-1.2.17.jar:/Users/john.obla/repos/kafka/kafka_2.12-2.5.0/bin/../libs/lz4-java-1.7.1.jar:/Users/john.obla/repos/kafka/kafka_2.12-2.5.0/bin/../libs/maven-artifact-3.6.3.jar:/Users/john.obla/repos/kafka/kafka_2.12-2.5.0/bin/../libs/metrics-core-2.2.0.jar:/Users/john.obla/repos/kafka/kafka_2.12-2.5.0/bin/../libs/netty-buffer-4.1.45.Final.jar:/Users/john.obla/repos/kafka/kafka_2.12-2.5.0/bin/../libs/netty-codec-4.1.45.Final.jar:/Users/john.obla/repos/kafka/kafka_2.12-2.5.0/bin/../libs/netty-common-4.1.45.Final.jar:/Users/john.obla/repos/kafka/kafka_2.12-2.5.0/bin/../libs/netty-handler-4.1.45.Final.jar:/Users/john.obla/repos/kafka/kafka_2.12-2.5.0/bin/../libs/netty-resolver-4.1.45.Final.jar:/Users/john.obla/repos/kafka/kafka_2.12-2.5.0/bin/../libs/netty-transport-4.1.45.Final.jar:/Users/john.obla/repos/kafka/kafka_2.12-2.5.0/bin/../libs/netty-transport-native-epoll-4.1.45.Final.jar:/Users/john.obla/repos/kafka/kafka_2.12-2.5.0/bin/../libs/netty-transport-native-unix-common-4.1.45.Final.jar:/Users/john.obla/repos/kafka/kafka_2.12-2.5.0/bin/../libs/osgi-resource-locator-1.0.1.jar:/Users/john.obla/repos/kafka/kafka_2.12-2.5.0/bin/../libs/paranamer-2.8.jar:/Users/john.obla/repos/kafka/kafka_2.12-2.5.0/bin/../libs/plexus-utils-3.2.1.jar:/Users/john.obla/repos/kafka/kafka_2.12-2.5.0/bin/../libs/reflections-0.9.12.jar:/Users/john.obla/repos/kafka/kafka_2.12-2.5.0/bin/../libs/rocksdbjni-5.18.3.jar:/Users/john.obla/repos/kafka/kafka_2.12-2.5.0/bin/../libs/scala-collection-compat_2.12-2.1.3.jar:/Users/john.obla/repos/kafka/kafka_2.12-2.5.0/bin/../libs/scala-java8-compat_2.12-0.9.0.jar:/Users/john.obla/repos/kafka/kafka_2.12-2.5.0/bin/../libs/scala-library-2.12.10.jar:/Users/john.obla/repos/kafka/kafka_2.12-2.5.0/bin/../libs/scala-logging_2.12-3.9.2.jar:/Users/john.obla/repos/kafka/kafka_2.12-2.5.0/bin/../libs/scala-reflect-2.12.10.jar:/Users/john.obla/repos/kafka/kafka_2.12-2.5.0/bin/../libs/slf4j-api-1.7.30.jar:/Users/john.obla/repos/kafka/kafka_2.12-2.5.0/bin/../libs/slf4j-log4j12-1.7.30.jar:/Users/john.obla/repos/kafka/kafka_2.12-2.5.0/bin/../libs/snappy-java-1.1.7.3.jar:/Users/john.obla/repos/kafka/kafka_2.12-2.5.0/bin/../libs/validation-api-2.0.1.Final.jar:/Users/john.obla/repos/kafka/kafka_2.12-2.5.0/bin/../libs/zookeeper-3.5.7.jar:/Users/john.obla/repos/kafka/kafka_2.12-2.5.0/bin/../libs/zookeeper-jute-3.5.7.jar:/Users/john.obla/repos/kafka/kafka_2.12-2.5.0/bin/../libs/zstd-jni-1.4.4-7.jar (org.apache.zookeeper.server.ZooKeeperServer)
[2020-07-28 01:07:00,683] INFO Server environment:java.library.path=/Users/john.obla/Library/Java/Extensions:/Library/Java/Extensions:/Network/Library/Java/Extensions:/System/Library/Java/Extensions:/usr/lib/java:. (org.apache.zookeeper.server.ZooKeeperServer)
[2020-07-28 01:07:00,683] INFO Server environment:java.io.tmpdir=/var/folders/kr/4fy7dn0j0p75hpnyphc13yc8b0jvrx/T/ (org.apache.zookeeper.server.ZooKeeperServer)
[2020-07-28 01:07:00,683] INFO Server environment:java.compiler=<NA> (org.apache.zookeeper.server.ZooKeeperServer)
[2020-07-28 01:07:00,683] INFO Server environment:os.name=Mac OS X (org.apache.zookeeper.server.ZooKeeperServer)
[2020-07-28 01:07:00,683] INFO Server environment:os.arch=x86_64 (org.apache.zookeeper.server.ZooKeeperServer)
[2020-07-28 01:07:00,683] INFO Server environment:os.version=10.14.6 (org.apache.zookeeper.server.ZooKeeperServer)
[2020-07-28 01:07:00,683] INFO Server environment:user.name=john.obla (org.apache.zookeeper.server.ZooKeeperServer)
[2020-07-28 01:07:00,683] INFO Server environment:user.home=/Users/john.obla (org.apache.zookeeper.server.ZooKeeperServer)
[2020-07-28 01:07:00,684] INFO Server environment:user.dir=/Users/john.obla/repos/kafka/kafka_2.12-2.5.0 (org.apache.zookeeper.server.ZooKeeperServer)
[2020-07-28 01:07:00,685] INFO Server environment:os.memory.free=497MB (org.apache.zookeeper.server.ZooKeeperServer)
[2020-07-28 01:07:00,685] INFO Server environment:os.memory.max=512MB (org.apache.zookeeper.server.ZooKeeperServer)
[2020-07-28 01:07:00,685] INFO Server environment:os.memory.total=512MB (org.apache.zookeeper.server.ZooKeeperServer)
[2020-07-28 01:07:00,687] INFO minSessionTimeout set to 6000 (org.apache.zookeeper.server.ZooKeeperServer)
[2020-07-28 01:07:00,687] INFO maxSessionTimeout set to 60000 (org.apache.zookeeper.server.ZooKeeperServer)
[2020-07-28 01:07:00,688] INFO Created server with tickTime 3000 minSessionTimeout 6000 maxSessionTimeout 60000 datadir /Users/john.obla/repos/kafka/data/zookeeper/version-2 snapdir /Users/john.obla/repos/kafka/data/zookeeper/version-2 (org.apache.zookeeper.server.ZooKeeperServer)
[2020-07-28 01:07:00,711] INFO Using org.apache.zookeeper.server.NIOServerCnxnFactory as server connection factory (org.apache.zookeeper.server.ServerCnxnFactory)
[2020-07-28 01:07:00,719] INFO Configuring NIO connection handler with 10s sessionless connection timeout, 1 selector thread(s), 8 worker threads, and 64 kB direct buffers. (org.apache.zookeeper.server.NIOServerCnxnFactory)
[2020-07-28 01:07:00,738] INFO binding to port 0.0.0.0/0.0.0.0:2181 (org.apache.zookeeper.server.NIOServerCnxnFactory)
[2020-07-28 01:07:00,770] INFO zookeeper.snapshotSizeFactor = 0.33 (org.apache.zookeeper.server.ZKDatabase)
[2020-07-28 01:07:00,774] INFO Snapshotting: 0x0 to /Users/john.obla/repos/kafka/data/zookeeper/version-2/snapshot.0 (org.apache.zookeeper.server.persistence.FileTxnSnapLog)
[2020-07-28 01:07:00,778] INFO Snapshotting: 0x0 to /Users/john.obla/repos/kafka/data/zookeeper/version-2/snapshot.0 (org.apache.zookeeper.server.persistence.FileTxnSnapLog)
[2020-07-28 01:07:00,805] INFO Using checkIntervalMs=60000 maxPerMinute=10000 (org.apache.zookeeper.server.ContainerManager)
